<!DOCTYPE html PUBLIC "-//W3C//DTD XHTML 1.1//EN" "http://www.w3.org/TR/xhtml11/DTD/xhtml11.dtd">
<html xmlns="http://www.w3.org/1999/xhtml"><head><title>TestNG Report</title><style type="text/css">table {margin-bottom:10px;border-collapse:collapse;empty-cells:show}th,td {border:1px solid #009;padding:.25em .5em}th {vertical-align:bottom}td {vertical-align:top}table a {font-weight:bold}.stripe td {background-color: #E6EBF9}.num {text-align:right}.passedodd td {background-color: #3F3}.passedeven td {background-color: #0A0}.skippedodd td {background-color: #DDD}.skippedeven td {background-color: #CCC}.failedodd td,.attn {background-color: #F33}.failedeven td,.stripe .attn {background-color: #D00}.stacktrace {white-space:pre;font-family:monospace}.totop {font-size:85%;text-align:center;border-bottom:2px solid #000}</style></head><body><table><tr><th>Test</th><th># Passed</th><th># Skipped</th><th># Failed</th><th>Time (ms)</th><th>Included Groups</th><th>Excluded Groups</th></tr><tr><th colspan="7">Integration Regression</th></tr><tr><td><a href="#t0">Sku</a></td><td class="num">7</td><td class="num">0</td><td class="num attn">15</td><td class="num">2,373</td><td></td><td></td></tr></table><table><thead><tr><th>Class</th><th>Method</th><th>Start</th><th>Time (ms)</th></tr></thead><tbody><tr><th colspan="4">Integration Regression</th></tr></tbody><tbody id="t0"><tr><th colspan="4">Sku &#8212; failed</th></tr><tr class="failedeven"><td rowspan="3">api.TestSkuRestApiHappyPaths</td><td><a href="#m0">testCreateSku_validPayload_skuIsCreatedWithDoublePrice</a></td><td rowspan="1">1616392428058</td><td rowspan="1">1475</td></tr><tr class="failedeven"><td><a href="#m1">testGetSkus_skuExists_skuIsInList</a></td><td rowspan="1">1616392429547</td><td rowspan="1">656</td></tr><tr class="failedeven"><td><a href="#m2">testGetSkus_verifySchema</a></td><td rowspan="1">1616392428058</td><td rowspan="1">2350</td></tr><tr class="failedodd"><td rowspan="12">api.TestSkuRestApiSadPaths</td><td><a href="#m3">testCreateSku_invalidData_returns400</a></td><td rowspan="11">1616392428067</td><td rowspan="11">1466</td></tr><tr class="failedodd"><td><a href="#m4">testCreateSku_invalidData_returns400</a></td></tr><tr class="failedodd"><td><a href="#m5">testCreateSku_invalidData_returns400</a></td></tr><tr class="failedodd"><td><a href="#m6">testCreateSku_invalidData_returns400</a></td></tr><tr class="failedodd"><td><a href="#m7">testCreateSku_invalidData_returns400</a></td></tr><tr class="failedodd"><td><a href="#m8">testCreateSku_invalidData_returns400</a></td></tr><tr class="failedodd"><td><a href="#m9">testCreateSku_invalidData_returns400</a></td></tr><tr class="failedodd"><td><a href="#m10">testCreateSku_invalidData_returns400</a></td></tr><tr class="failedodd"><td><a href="#m11">testCreateSku_invalidData_returns400</a></td></tr><tr class="failedodd"><td><a href="#m12">testCreateSku_invalidData_returns400</a></td></tr><tr class="failedodd"><td><a href="#m13">testCreateSku_invalidData_returns400</a></td></tr><tr class="failedodd"><td><a href="#m14">testDeleteSku_skuDoesNotExist_returns404</a></td><td rowspan="1">1616392428058</td><td rowspan="1">1880</td></tr><tr><th colspan="4">Sku &#8212; passed</th></tr><tr class="passedeven"><td rowspan="3">api.TestSkuRestApiHappyPaths</td><td><a href="#m15">testCreateSku_validPayload_skuIsCreatedWithIntegerPrice</a></td><td rowspan="1">1616392428058</td><td rowspan="1">2343</td></tr><tr class="passedeven"><td><a href="#m16">testDeleteSku_skuExists_skuIsRemoved</a></td><td rowspan="1">1616392429547</td><td rowspan="1">741</td></tr><tr class="passedeven"><td><a href="#m17">testGetSku_skuExists_skuIsReturned</a></td><td rowspan="1">1616392429547</td><td rowspan="1">582</td></tr><tr class="passedodd"><td rowspan="4">api.TestSkuRestApiSadPaths</td><td><a href="#m18">testCreateSku_invalidData_returns400</a></td><td rowspan="3">1616392429542</td><td rowspan="3">183</td></tr><tr class="passedodd"><td><a href="#m19">testCreateSku_invalidData_returns400</a></td></tr><tr class="passedodd"><td><a href="#m20">testCreateSku_invalidData_returns400</a></td></tr><tr class="passedodd"><td><a href="#m21">testGetSku_skuDoesNotExist_returns200WithItemNotSet</a></td><td rowspan="1">1616392428058</td><td rowspan="1">1933</td></tr></tbody></table><h2>Sku</h2><h3 id="m0">api.TestSkuRestApiHappyPaths#testCreateSku_validPayload_skuIsCreatedWithDoublePrice</h3><table class="result"><tr><th>Exception</th></tr><tr><td><div class="stacktrace">java.lang.AssertionError: 1 expectation failed.
Expected status code &lt;200&gt; but was &lt;502&gt;.

	at org.codehaus.groovy.runtime.callsite.ConstructorSite$ConstructorSiteNoUnwrap.callConstructor(ConstructorSite.java:84)
	at org.codehaus.groovy.runtime.callsite.CallSiteArray.defaultCallConstructor(CallSiteArray.java:59)
	at org.codehaus.groovy.runtime.callsite.AbstractCallSite.callConstructor(AbstractCallSite.java:263)
	at org.codehaus.groovy.runtime.callsite.AbstractCallSite.callConstructor(AbstractCallSite.java:277)
	at io.restassured.internal.ResponseSpecificationImpl$HamcrestAssertionClosure.validate(ResponseSpecificationImpl.groovy:493)
	at io.restassured.internal.ResponseSpecificationImpl$HamcrestAssertionClosure$validate$21.call(Unknown Source)
	at org.codehaus.groovy.runtime.callsite.CallSiteArray.defaultCall(CallSiteArray.java:47)
	at org.codehaus.groovy.runtime.callsite.AbstractCallSite.call(AbstractCallSite.java:125)
	at org.codehaus.groovy.runtime.callsite.AbstractCallSite.call(AbstractCallSite.java:139)
	at io.restassured.internal.ResponseSpecificationImpl.validateResponseIfRequired(ResponseSpecificationImpl.groovy:674)
	at org.codehaus.groovy.runtime.callsite.PlainObjectMetaMethodSite.doInvoke(PlainObjectMetaMethodSite.java:43)
	at org.codehaus.groovy.runtime.callsite.PogoMetaMethodSite$PogoCachedMethodSiteNoUnwrapNoCoerce.invoke(PogoMetaMethodSite.java:193)
	at org.codehaus.groovy.runtime.callsite.PogoMetaMethodSite.callCurrent(PogoMetaMethodSite.java:61)
	at org.codehaus.groovy.runtime.callsite.AbstractCallSite.callCurrent(AbstractCallSite.java:185)
	at org.codehaus.groovy.runtime.callsite.AbstractCallSite.callCurrent(AbstractCallSite.java:183)
	at io.restassured.internal.ResponseSpecificationImpl.statusCode(ResponseSpecificationImpl.groovy:126)
	at io.restassured.specification.ResponseSpecification$statusCode$12.callCurrent(Unknown Source)
	at org.codehaus.groovy.runtime.callsite.CallSiteArray.defaultCallCurrent(CallSiteArray.java:51)
	at org.codehaus.groovy.runtime.callsite.AbstractCallSite.callCurrent(AbstractCallSite.java:171)
	at org.codehaus.groovy.runtime.callsite.AbstractCallSite.callCurrent(AbstractCallSite.java:185)
	at io.restassured.internal.ResponseSpecificationImpl.statusCode(ResponseSpecificationImpl.groovy:134)
	at io.restassured.internal.ValidatableResponseOptionsImpl.statusCode(ValidatableResponseOptionsImpl.java:89)
	at io.restassured.internal.ValidatableResponseImpl.super$2$statusCode(ValidatableResponseImpl.groovy)
	at groovy.lang.MetaMethod.doMethodInvoke(MetaMethod.java:323)
	at groovy.lang.MetaClassImpl.invokeMethod(MetaClassImpl.java:1262)
	at org.codehaus.groovy.runtime.ScriptBytecodeAdapter.invokeMethodOnSuperN(ScriptBytecodeAdapter.java:144)
	at io.restassured.internal.ValidatableResponseImpl.statusCode(ValidatableResponseImpl.groovy:142)
	at io.restassured.internal.ValidatableResponseImpl.statusCode(ValidatableResponseImpl.groovy)
	at api.TestSkuRestApiHappyPaths.testCreateSku_validPayload_skuIsCreatedWithDoublePrice(TestSkuRestApiHappyPaths.java:43)
	at java.base/java.util.concurrent.ThreadPoolExecutor.runWorker(ThreadPoolExecutor.java:1128)
	at java.base/java.util.concurrent.ThreadPoolExecutor$Worker.run(ThreadPoolExecutor.java:628)
	at java.base/java.lang.Thread.run(Thread.java:834)
... Removed 25 stack frames</div></td></tr></table><p class="totop"><a href="#summary">back to summary</a></p><h3 id="m1">api.TestSkuRestApiHappyPaths#testGetSkus_skuExists_skuIsInList</h3><table class="result"><tr><th>Exception</th></tr><tr><td><div class="stacktrace">java.lang.AssertionError: 
Expected: a collection with size &lt;1&gt;
     but: collection size was &lt;0&gt;
	at org.hamcrest.MatcherAssert.assertThat(MatcherAssert.java:18)
	at org.hamcrest.MatcherAssert.assertThat(MatcherAssert.java:6)
	at api.TestSkuRestApiHappyPaths.testGetSkus_skuExists_skuIsInList(TestSkuRestApiHappyPaths.java:85)
	at java.base/java.util.concurrent.ThreadPoolExecutor.runWorker(ThreadPoolExecutor.java:1128)
	at java.base/java.util.concurrent.ThreadPoolExecutor$Worker.run(ThreadPoolExecutor.java:628)
	at java.base/java.lang.Thread.run(Thread.java:834)
... Removed 10 stack frames</div></td></tr></table><p class="totop"><a href="#summary">back to summary</a></p><h3 id="m2">api.TestSkuRestApiHappyPaths#testGetSkus_verifySchema</h3><table class="result"><tr><th>Exception</th></tr><tr><td><div class="stacktrace">java.lang.AssertionError: 1 expectation failed.
Response body doesn&apos;t match expectation.
Expected: The content to match the given JSON schema.
error: instance type (string) does not match any allowed primitive type (allowed: [&quot;integer&quot;,&quot;number&quot;])
    level: &quot;error&quot;
    schema: {&quot;loadingURI&quot;:&quot;file:/Users/gterre/IdeaProjects/aim-test-challenge/target/test-classes/schemas/GetSkusResponseSchema.json#&quot;,&quot;pointer&quot;:&quot;/items/0/properties/price&quot;}
    instance: {&quot;pointer&quot;:&quot;/0/price&quot;}
    domain: &quot;validation&quot;
    keyword: &quot;type&quot;
    found: &quot;string&quot;
    expected: [&quot;integer&quot;,&quot;number&quot;]

  Actual: [{&quot;createdAt&quot;: &quot;1616378135.748779&quot;, &quot;description&quot;: &quot;random UUID sku&quot;, &quot;price&quot;: &quot;9.99&quot;, &quot;sku&quot;: &quot;6d707fce-1fcd-49e0-9f64-8cdcb8d68538&quot;, &quot;updatedAt&quot;: &quot;1616378135.748779&quot;}, {&quot;createdAt&quot;: &quot;1610761751.7258196&quot;, &quot;description&quot;: &quot;Happy Path Update SKU UPDATED&quot;, &quot;price&quot;: &quot;3.10&quot;, &quot;sku&quot;: &quot;439227643&quot;, &quot;updatedAt&quot;: &quot;1610761751.7258196&quot;}, {&quot;createdAt&quot;: &quot;1610763483.4361653&quot;, &quot;description&quot;: &quot;Happy Path Update SKU UPDATED&quot;, &quot;price&quot;: &quot;3.10&quot;, &quot;sku&quot;: &quot;1030045599&quot;, &quot;updatedAt&quot;: &quot;1610763483.4361653&quot;}, {&quot;createdAt&quot;: &quot;1610767265.6802845&quot;, &quot;description&quot;: &quot;Update SKU Test&quot;, &quot;price&quot;: &quot;3.99&quot;, &quot;sku&quot;: &quot;1974103509&quot;, &quot;updatedAt&quot;: &quot;1610767265.6802845&quot;}, {&quot;createdAt&quot;: &quot;1616378144.230845&quot;, &quot;description&quot;: &quot;random UUID sku&quot;, &quot;price&quot;: &quot;9.99&quot;, &quot;sku&quot;: &quot;32190c0d-9dd9-469b-b1c5-fc03a959e843&quot;, &quot;updatedAt&quot;: &quot;1616378144.230845&quot;}, {&quot;createdAt&quot;: &quot;1616370815.666677&quot;, &quot;description&quot;: &quot;random UUID sku&quot;, &quot;price&quot;: &quot;9.99&quot;, &quot;sku&quot;: &quot;cd3efb84-bd44-46e0-bb72-5f3b619bae42&quot;, &quot;updatedAt&quot;: &quot;1616370815.666677&quot;}, {&quot;createdAt&quot;: &quot;1616377745.7508006&quot;, &quot;description&quot;: &quot;random UUID sku&quot;, &quot;price&quot;: &quot;9.99&quot;, &quot;sku&quot;: &quot;8dac21d7-b4a8-460d-92b2-5c6a2104430d&quot;, &quot;updatedAt&quot;: &quot;1616377745.7508006&quot;}, {&quot;createdAt&quot;: &quot;1616388989.3898237&quot;, &quot;description&quot;: &quot;random UUID sku&quot;, &quot;price&quot;: 1, &quot;sku&quot;: &quot;a3411dab-8ac7-45c5-9475-a671f3444efb&quot;, &quot;updatedAt&quot;: &quot;1616388989.3898237&quot;}, {&quot;createdAt&quot;: &quot;1616378079.391834&quot;, &quot;description&quot;: &quot;random UUID sku&quot;, &quot;price&quot;: &quot;9.99&quot;, &quot;sku&quot;: &quot;99cf474c-f022-4720-b0f4-560e37534c79&quot;, &quot;updatedAt&quot;: &quot;1616378079.391834&quot;}, {&quot;createdAt&quot;: &quot;1610767236.9751954&quot;, &quot;description&quot;: &quot;Happy Path Update SKU&quot;, &quot;price&quot;: &quot;3.10&quot;, &quot;sku&quot;: &quot;2146129342&quot;, &quot;updatedAt&quot;: &quot;1610767236.9751954&quot;}, {&quot;createdAt&quot;: &quot;1616389657.4973755&quot;, &quot;description&quot;: &quot;random UUID sku&quot;, &quot;price&quot;: 1, &quot;sku&quot;: &quot;fa55e7f1-f8e3-4eed-966f-e0142af15387&quot;, &quot;updatedAt&quot;: &quot;1616389657.4973755&quot;}, {&quot;createdAt&quot;: &quot;1610762781.3905487&quot;, &quot;description&quot;: &quot;Happy Path Update SKU UPDATED&quot;, &quot;price&quot;: &quot;3.10&quot;, &quot;sku&quot;: &quot;542062804&quot;, &quot;updatedAt&quot;: &quot;1610762781.3905487&quot;}, {&quot;createdAt&quot;: &quot;1610763483.756384&quot;, &quot;description&quot;: &quot;non-parsable JSON&quot;, &quot;price&quot;: &quot;3.99&quot;, &quot;sku&quot;: &quot;1669398985&quot;, &quot;updatedAt&quot;: &quot;1610763483.756384&quot;}, {&quot;createdAt&quot;: &quot;1611079337.4620903&quot;, &quot;description&quot;: &quot;Update SKU Test&quot;, &quot;price&quot;: &quot;3.99&quot;, &quot;sku&quot;: &quot;1517861069&quot;, &quot;updatedAt&quot;: &quot;1611079337.4620903&quot;}, {&quot;createdAt&quot;: &quot;1616388285.4789565&quot;, &quot;description&quot;: &quot;random UUID sku&quot;, &quot;price&quot;: 1, &quot;sku&quot;: &quot;85b04946-2fd3-42ab-922a-ddb0e2e04764&quot;, &quot;updatedAt&quot;: &quot;1616388285.4789565&quot;}, {&quot;createdAt&quot;: &quot;1616383567.0866914&quot;, &quot;description&quot;: 1, &quot;price&quot;: 1, &quot;sku&quot;: &quot;testdescriptionisnumber&quot;, &quot;updatedAt&quot;: &quot;1616383567.0866914&quot;}, {&quot;createdAt&quot;: &quot;1616377956.7921598&quot;, &quot;description&quot;: &quot;random UUID sku&quot;, &quot;price&quot;: &quot;9.99&quot;, &quot;sku&quot;: &quot;6b30291b-d413-4460-aa3b-043e881aa4a0&quot;, &quot;updatedAt&quot;: &quot;1616377956.7921598&quot;}, {&quot;createdAt&quot;: &quot;1616371017.3434455&quot;, &quot;description&quot;: &quot;random UUID sku&quot;, &quot;price&quot;: &quot;9.99&quot;, &quot;sku&quot;: &quot;48e6eecc-c45b-49a0-8f24-0c9da888e9e3&quot;, &quot;updatedAt&quot;: &quot;1616371017.3434455&quot;}, {&quot;createdAt&quot;: &quot;1614609318.8063028&quot;, &quot;description&quot;: &quot;Update SKU Test 03012021-74&quot;, &quot;price&quot;: &quot;21.99&quot;, &quot;sku&quot;: &quot;647623262&quot;, &quot;updatedAt&quot;: &quot;1614609318.8063028&quot;}, {&quot;createdAt&quot;: &quot;1610767264.803229&quot;, &quot;description&quot;: &quot;Happy Path Update SKU&quot;, &quot;price&quot;: &quot;3.10&quot;, &quot;sku&quot;: &quot;2087492115&quot;, &quot;updatedAt&quot;: &quot;1610767264.803229&quot;}, {&quot;createdAt&quot;: &quot;1616383672.4346926&quot;, &quot;description&quot;: &quot;random UUID sku&quot;, &quot;price&quot;: &quot;9.99&quot;, &quot;sku&quot;: &quot;8421dd14-9626-40f8-bda0-9c79b7d69b04&quot;, &quot;updatedAt&quot;: &quot;1616383672.4346926&quot;}, {&quot;createdAt&quot;: &quot;1616392429.6713378&quot;, &quot;description&quot;: &quot;description&quot;, &quot;price&quot;: null, &quot;sku&quot;: &quot;sku&quot;, &quot;updatedAt&quot;: &quot;1616392429.6713378&quot;}, {&quot;createdAt&quot;: &quot;1616389790.5269575&quot;, &quot;description&quot;: &quot;random UUID sku&quot;, &quot;price&quot;: 1, &quot;sku&quot;: &quot;315a757b-642b-414d-a36e-44bafe9ee6d3&quot;, &quot;updatedAt&quot;: &quot;1616389790.5269575&quot;}, {&quot;createdAt&quot;: &quot;1611079330.4169052&quot;, &quot;description&quot;: &quot;\u7a32\u59bb&quot;, &quot;price&quot;: &quot;\u7a32\u59bb&quot;, &quot;sku&quot;: &quot;\u7a32\u59bb&quot;, &quot;updatedAt&quot;: &quot;1611079330.4169052&quot;}, {&quot;createdAt&quot;: &quot;1616370575.322523&quot;, &quot;description&quot;: &quot;The best pie in the world&quot;, &quot;price&quot;: &quot;asdf&quot;, &quot;sku&quot;: &quot;08b1fa4f-2b11-4168-b843-7725b239b30d&quot;, &quot;updatedAt&quot;: &quot;1616370575.322523&quot;}, {&quot;createdAt&quot;: &quot;1616380769.5046175&quot;, &quot;description&quot;: &quot;random UUID sku&quot;, &quot;price&quot;: &quot;9.99&quot;, &quot;sku&quot;: &quot;1b8bdcf9-dd6a-452c-bb89-f8398995b3e1&quot;, &quot;updatedAt&quot;: &quot;1616380769.5046175&quot;}, {&quot;createdAt&quot;: &quot;1610767237.9391193&quot;, &quot;description&quot;: &quot;Update SKU Test&quot;, &quot;price&quot;: &quot;3.99&quot;, &quot;sku&quot;: &quot;605012546&quot;, &quot;updatedAt&quot;: &quot;1610767237.9391193&quot;}, {&quot;createdAt&quot;: &quot;1616385230.7314742&quot;, &quot;description&quot;: 1, &quot;price&quot;: 1, &quot;sku&quot;: &quot;sdf&quot;, &quot;updatedAt&quot;: &quot;1616385230.7314742&quot;}, {&quot;createdAt&quot;: &quot;1611079335.977484&quot;, &quot;description&quot;: &quot;Happy Path Update SKU&quot;, &quot;price&quot;: &quot;3.10&quot;, &quot;sku&quot;: &quot;1187374158&quot;, &quot;updatedAt&quot;: &quot;1611079335.977484&quot;}, {&quot;createdAt&quot;: &quot;1616389051.2040212&quot;, &quot;description&quot;: &quot;random UUID sku&quot;, &quot;price&quot;: 1, &quot;sku&quot;: &quot;7ea8818e-5fdc-459a-b00b-e5d7025e28fb&quot;, &quot;updatedAt&quot;: &quot;1616389051.2040212&quot;}, {&quot;createdAt&quot;: &quot;1603206705.7083068&quot;, &quot;description&quot;: &quot;Testing SKU update&quot;, &quot;price&quot;: &quot;1.50&quot;, &quot;sku&quot;: &quot;SmokeTest1&quot;, &quot;updatedAt&quot;: &quot;1603206705.7083068&quot;}, {&quot;createdAt&quot;: &quot;1610767572.331471&quot;, &quot;description&quot;: &quot;Update SKU Test&quot;, &quot;price&quot;: &quot;3.99&quot;, &quot;sku&quot;: &quot;1834057129&quot;, &quot;updatedAt&quot;: &quot;1610767572.331471&quot;}, {&quot;createdAt&quot;: &quot;1616370712.0175169&quot;, &quot;description&quot;: &quot;The best pie in the world&quot;, &quot;price&quot;: &quot;asdf&quot;, &quot;sku&quot;: &quot;49694d72-562b-462f-b18e-071020065105&quot;, &quot;updatedAt&quot;: &quot;1616370712.0175169&quot;}, {&quot;createdAt&quot;: &quot;1611079333.1946332&quot;, &quot;description&quot;: &quot;Happy Path Create SKU&quot;, &quot;price&quot;: &quot;2.10&quot;, &quot;sku&quot;: &quot;01234567890123456789012345678901234567890123456789012345678901234567890123456789012345678901234567890123456789012345678901234567890123456789012345678901234567890123456789012345678901234567890123456789012345678901234567890123456789012345678901234567890123456789&quot;, &quot;updatedAt&quot;: &quot;1611079333.1946332&quot;}, {&quot;createdAt&quot;: &quot;1611079336.7172627&quot;, &quot;description&quot;: &quot;non-parsable JSON&quot;, &quot;price&quot;: &quot;3.99&quot;, &quot;sku&quot;: &quot;834651740&quot;, &quot;updatedAt&quot;: &quot;1611079336.7172627&quot;}, {&quot;createdAt&quot;: &quot;1610766172.0156958&quot;, &quot;description&quot;: &quot;Update SKU Test&quot;, &quot;price&quot;: &quot;3.99&quot;, &quot;sku&quot;: &quot;869386886&quot;, &quot;updatedAt&quot;: &quot;1610766172.0156958&quot;}, {&quot;createdAt&quot;: &quot;1614432655.4252946&quot;, &quot;description&quot;: &quot;test&quot;, &quot;price&quot;: &quot;9.99&quot;, &quot;sku&quot;: &quot;test&quot;, &quot;updatedAt&quot;: &quot;1614432655.4252946&quot;}, {&quot;createdAt&quot;: &quot;1610767265.2316384&quot;, &quot;description&quot;: &quot;non-parsable JSON&quot;, &quot;price&quot;: &quot;3.99&quot;, &quot;sku&quot;: &quot;1706175075&quot;, &quot;updatedAt&quot;: &quot;1610767265.2316384&quot;}, {&quot;createdAt&quot;: &quot;1616383855.1855743&quot;, &quot;description&quot;: &quot;random UUID sku&quot;, &quot;price&quot;: &quot;9.99&quot;, &quot;sku&quot;: &quot;1e437bfe-ffa6-48c9-91a9-4a44fb29c9bb&quot;, &quot;updatedAt&quot;: &quot;1616383855.1855743&quot;}, {&quot;createdAt&quot;: &quot;1610763484.3054335&quot;, &quot;description&quot;: &quot;Update SKU Test&quot;, &quot;price&quot;: &quot;3.99&quot;, &quot;sku&quot;: &quot;1718687998&quot;, &quot;updatedAt&quot;: &quot;1610763484.3054335&quot;}, {&quot;createdAt&quot;: &quot;1606113151.4208348&quot;, &quot;description&quot;: &quot;First OgdenTest Item&quot;, &quot;price&quot;: &quot;1.23&quot;, &quot;sku&quot;: &quot;Ogdentest1&quot;, &quot;updatedAt&quot;: &quot;1606113151.4208348&quot;}, {&quot;createdAt&quot;: &quot;1616383638.2717693&quot;, &quot;description&quot;: &quot;random UUID sku&quot;, &quot;price&quot;: &quot;9.99&quot;, &quot;sku&quot;: &quot;e28d26b1-1e92-48e0-b01d-7e19fcc28bb9&quot;, &quot;updatedAt&quot;: &quot;1616383638.2717693&quot;}, {&quot;createdAt&quot;: &quot;1616377941.4793193&quot;, &quot;description&quot;: &quot;random UUID sku&quot;, &quot;price&quot;: &quot;9.99&quot;, &quot;sku&quot;: &quot;d56684b9-a55d-4a8c-83eb-9e7e82d5f439&quot;, &quot;updatedAt&quot;: &quot;1616377941.4793193&quot;}, {&quot;createdAt&quot;: &quot;1616383447.6494305&quot;, &quot;description&quot;: 1, &quot;price&quot;: &quot;asdf&quot;, &quot;sku&quot;: &quot;asdf&quot;, &quot;updatedAt&quot;: &quot;1616383447.6494305&quot;}, {&quot;createdAt&quot;: &quot;1610762475.6658251&quot;, &quot;description&quot;: &quot;non-parsable JSON&quot;, &quot;price&quot;: &quot;3.99&quot;, &quot;sku&quot;: &quot;1538466155&quot;, &quot;updatedAt&quot;: &quot;1610762475.6658251&quot;}, {&quot;createdAt&quot;: &quot;1616389730.5971277&quot;, &quot;description&quot;: &quot;random UUID sku&quot;, &quot;price&quot;: 1, &quot;sku&quot;: &quot;f1ddf3f8-60a2-44e7-8da6-88223f595bf6&quot;, &quot;updatedAt&quot;: &quot;1616389730.5971277&quot;}, {&quot;createdAt&quot;: &quot;1610762475.2641013&quot;, &quot;description&quot;: &quot;Happy Path Update SKU UPDATED&quot;, &quot;price&quot;: &quot;3.10&quot;, &quot;sku&quot;: &quot;762007362&quot;, &quot;updatedAt&quot;: &quot;1610762475.2641013&quot;}, {&quot;createdAt&quot;: &quot;1610767237.4715354&quot;, &quot;description&quot;: &quot;non-parsable JSON&quot;, &quot;price&quot;: &quot;3.99&quot;, &quot;sku&quot;: &quot;482930687&quot;, &quot;updatedAt&quot;: &quot;1610767237.4715354&quot;}, {&quot;createdAt&quot;: &quot;1616379489.3831618&quot;, &quot;description&quot;: &quot;random UUID sku&quot;, &quot;price&quot;: &quot;9.99&quot;, &quot;sku&quot;: &quot;ce325f7e-bea6-4ce5-b96d-5352003d5cae&quot;, &quot;updatedAt&quot;: &quot;1616379489.3831618&quot;}, {&quot;createdAt&quot;: &quot;1616379026.850971&quot;, &quot;description&quot;: &quot;random UUID sku&quot;, &quot;price&quot;: &quot;9.99&quot;, &quot;sku&quot;: &quot;08520464-ffb5-4701-b1f3-b2d2f65025ab&quot;, &quot;updatedAt&quot;: &quot;1616379026.850971&quot;}, {&quot;createdAt&quot;: &quot;1610762781.7450259&quot;, &quot;description&quot;: &quot;non-parsable JSON&quot;, &quot;price&quot;: &quot;3.99&quot;, &quot;sku&quot;: &quot;495329016&quot;, &quot;updatedAt&quot;: &quot;1610762781.7450259&quot;}, {&quot;createdAt&quot;: &quot;1616389159.492579&quot;, &quot;description&quot;: &quot;random UUID sku&quot;, &quot;price&quot;: 1, &quot;sku&quot;: &quot;7fd05e2c-1306-4fc6-9fbc-633855eb71b0&quot;, &quot;updatedAt&quot;: &quot;1616389159.492579&quot;}, {&quot;createdAt&quot;: &quot;1616385395.2132225&quot;, &quot;description&quot;: &quot;&quot;, &quot;price&quot;: &quot;&quot;, &quot;sku&quot;: &quot;description is a number&quot;, &quot;updatedAt&quot;: &quot;1616385395.2132225&quot;}, {&quot;createdAt&quot;: &quot;1616388059.2672346&quot;, &quot;description&quot;: &quot;random UUID sku&quot;, &quot;price&quot;: 1, &quot;sku&quot;: &quot;ca7d4df7-b230-47d9-b87d-b0a834c7149b&quot;, &quot;updatedAt&quot;: &quot;1616388059.2672346&quot;}, {&quot;createdAt&quot;: &quot;1616378061.382439&quot;, &quot;description&quot;: &quot;random UUID sku&quot;, &quot;price&quot;: &quot;9.99&quot;, &quot;sku&quot;: &quot;9489868f-6308-4eb4-9d71-098c19f5b969&quot;, &quot;updatedAt&quot;: &quot;1616378061.382439&quot;}, {&quot;createdAt&quot;: &quot;1616385865.8309855&quot;, &quot;description&quot;: &quot;sdf&quot;, &quot;price&quot;: 1, &quot;sku&quot;: &quot;UUID&quot;, &quot;updatedAt&quot;: &quot;1616385865.8309855&quot;}, {&quot;createdAt&quot;: &quot;1616388142.588799&quot;, &quot;description&quot;: &quot;random UUID sku&quot;, &quot;price&quot;: 1, &quot;sku&quot;: &quot;6e8acabb-d887-415d-a899-8239d96afa4c&quot;, &quot;updatedAt&quot;: &quot;1616388142.588799&quot;}, {&quot;createdAt&quot;: &quot;1616389866.0783765&quot;, &quot;description&quot;: &quot;random UUID sku&quot;, &quot;price&quot;: 1, &quot;sku&quot;: &quot;69c5910c-e795-4faf-9365-bb147ed4b0e5&quot;, &quot;updatedAt&quot;: &quot;1616389866.0783765&quot;}, {&quot;createdAt&quot;: &quot;1616388795.0929604&quot;, &quot;description&quot;: &quot;random UUID sku&quot;, &quot;price&quot;: 1, &quot;sku&quot;: &quot;8da60c9a-b36a-4810-b61d-23d2dd3ba6c8&quot;, &quot;updatedAt&quot;: &quot;1616388795.0929604&quot;}, {&quot;createdAt&quot;: &quot;1616370807.5920541&quot;, &quot;description&quot;: &quot;random UUID sku&quot;, &quot;price&quot;: &quot;9.99&quot;, &quot;sku&quot;: &quot;d688913d-c7df-477f-8658-6606a7d7af9c&quot;, &quot;updatedAt&quot;: &quot;1616370807.5920541&quot;}, {&quot;createdAt&quot;: &quot;1610766170.494392&quot;, &quot;description&quot;: &quot;Happy Path Update SKU&quot;, &quot;price&quot;: &quot;3.10&quot;, &quot;sku&quot;: &quot;378691622&quot;, &quot;updatedAt&quot;: &quot;1610766170.494392&quot;}, {&quot;createdAt&quot;: &quot;1616387957.4494414&quot;, &quot;description&quot;: &quot;random UUID sku&quot;, &quot;price&quot;: 1, &quot;sku&quot;: &quot;bac0508b-7ef9-452f-b93e-0d237dc92bd5&quot;, &quot;updatedAt&quot;: &quot;1616387957.4494414&quot;}, {&quot;createdAt&quot;: &quot;1610762782.385907&quot;, &quot;description&quot;: &quot;Update SKU Test&quot;, &quot;price&quot;: &quot;3.99&quot;, &quot;sku&quot;: &quot;24477997&quot;, &quot;updatedAt&quot;: &quot;1610762782.385907&quot;}, {&quot;createdAt&quot;: &quot;1610767571.493321&quot;, &quot;description&quot;: &quot;Happy Path Update SKU&quot;, &quot;price&quot;: &quot;3.10&quot;, &quot;sku&quot;: &quot;400127115&quot;, &quot;updatedAt&quot;: &quot;1610767571.493321&quot;}, {&quot;createdAt&quot;: &quot;1610763601.0054889&quot;, &quot;description&quot;: &quot;non-parsable JSON&quot;, &quot;price&quot;: &quot;3.99&quot;, &quot;sku&quot;: &quot;2029927553&quot;, &quot;updatedAt&quot;: &quot;1610763601.0054889&quot;}, {&quot;createdAt&quot;: &quot;1616380136.489729&quot;, &quot;description&quot;: &quot;random UUID sku&quot;, &quot;price&quot;: &quot;9.99&quot;, &quot;sku&quot;: &quot;60bb8e9f-444f-4856-b618-40e7d202afaf&quot;, &quot;updatedAt&quot;: &quot;1616380136.489729&quot;}, {&quot;createdAt&quot;: &quot;1616392429.410252&quot;, &quot;description&quot;: &quot;random UUID sku&quot;, &quot;price&quot;: 1, &quot;sku&quot;: &quot;2cb38701-1218-4093-bc9e-2e1bb1d90203&quot;, &quot;updatedAt&quot;: &quot;1616392429.410252&quot;}, {&quot;createdAt&quot;: &quot;1610761752.03247&quot;, &quot;description&quot;: &quot;non-parsable JSON&quot;, &quot;price&quot;: &quot;3.99&quot;, &quot;sku&quot;: &quot;165241409&quot;, &quot;updatedAt&quot;: &quot;1610761752.03247&quot;}, {&quot;createdAt&quot;: &quot;1616379317.7343607&quot;, &quot;description&quot;: &quot;random UUID sku&quot;, &quot;price&quot;: &quot;9.99&quot;, &quot;sku&quot;: &quot;bdab800d-1836-4051-bdba-a09aa0692d3e&quot;, &quot;updatedAt&quot;: &quot;1616379317.7343607&quot;}, {&quot;createdAt&quot;: &quot;1610767571.88315&quot;, &quot;description&quot;: &quot;non-parsable JSON&quot;, &quot;price&quot;: &quot;3.99&quot;, &quot;sku&quot;: &quot;1208017034&quot;, &quot;updatedAt&quot;: &quot;1610767571.88315&quot;}, {&quot;createdAt&quot;: &quot;1616377914.307382&quot;, &quot;description&quot;: &quot;random UUID sku&quot;, &quot;price&quot;: &quot;9.99&quot;, &quot;sku&quot;: &quot;8bc6c8c7-7f10-4ab5-a095-746dc3a18408&quot;, &quot;updatedAt&quot;: &quot;1616377914.307382&quot;}, {&quot;createdAt&quot;: &quot;1616376522.1887918&quot;, &quot;description&quot;: &quot;random UUID sku&quot;, &quot;price&quot;: &quot;9.99&quot;, &quot;sku&quot;: &quot;a8629f47-fc87-45da-875b-cb683b79798a&quot;, &quot;updatedAt&quot;: &quot;1616376522.1887918&quot;}, {&quot;createdAt&quot;: &quot;1616378882.3375812&quot;, &quot;description&quot;: &quot;random UUID sku&quot;, &quot;price&quot;: &quot;9.99&quot;, &quot;sku&quot;: &quot;a69b09b0-58b7-4e3e-bd03-bcb8e788553d&quot;, &quot;updatedAt&quot;: &quot;1616378882.3375812&quot;}, {&quot;createdAt&quot;: &quot;1616378103.9416952&quot;, &quot;description&quot;: &quot;random UUID sku&quot;, &quot;price&quot;: &quot;9.99&quot;, &quot;sku&quot;: &quot;cbd15bba-3c44-477e-81a3-7bc7a191c47d&quot;, &quot;updatedAt&quot;: &quot;1616378103.9416952&quot;}, {&quot;createdAt&quot;: &quot;1616383705.5467458&quot;, &quot;description&quot;: &quot;random UUID sku&quot;, &quot;price&quot;: &quot;9.99&quot;, &quot;sku&quot;: &quot;24200906-5705-4cc0-9ee7-789abaaae1a3&quot;, &quot;updatedAt&quot;: &quot;1616383705.5467458&quot;}]

	at org.codehaus.groovy.runtime.callsite.ConstructorSite$ConstructorSiteNoUnwrap.callConstructor(ConstructorSite.java:84)
	at org.codehaus.groovy.runtime.callsite.AbstractCallSite.callConstructor(AbstractCallSite.java:277)
	at io.restassured.internal.ResponseSpecificationImpl$HamcrestAssertionClosure.validate(ResponseSpecificationImpl.groovy:493)
	at io.restassured.internal.ResponseSpecificationImpl$HamcrestAssertionClosure$validate$21.call(Unknown Source)
	at io.restassured.internal.ResponseSpecificationImpl.validateResponseIfRequired(ResponseSpecificationImpl.groovy:674)
	at org.codehaus.groovy.runtime.callsite.PlainObjectMetaMethodSite.doInvoke(PlainObjectMetaMethodSite.java:43)
	at org.codehaus.groovy.runtime.callsite.PogoMetaMethodSite$PogoCachedMethodSiteNoUnwrapNoCoerce.invoke(PogoMetaMethodSite.java:193)
	at org.codehaus.groovy.runtime.callsite.PogoMetaMethodSite.callCurrent(PogoMetaMethodSite.java:61)
	at org.codehaus.groovy.runtime.callsite.AbstractCallSite.callCurrent(AbstractCallSite.java:185)
	at io.restassured.internal.ResponseSpecificationImpl.body(ResponseSpecificationImpl.groovy:98)
	at io.restassured.internal.ValidatableResponseOptionsImpl.body(ValidatableResponseOptionsImpl.java:238)
	at io.restassured.internal.ValidatableResponseImpl.super$2$body(ValidatableResponseImpl.groovy)
	at groovy.lang.MetaMethod.doMethodInvoke(MetaMethod.java:323)
	at groovy.lang.MetaClassImpl.invokeMethod(MetaClassImpl.java:1262)
	at org.codehaus.groovy.runtime.ScriptBytecodeAdapter.invokeMethodOnSuperN(ScriptBytecodeAdapter.java:144)
	at io.restassured.internal.ValidatableResponseImpl.body(ValidatableResponseImpl.groovy:293)
	at io.restassured.internal.ValidatableResponseImpl.body(ValidatableResponseImpl.groovy)
	at api.TestSkuRestApiHappyPaths.testGetSkus_verifySchema(TestSkuRestApiHappyPaths.java:72)
	at java.base/java.util.concurrent.ThreadPoolExecutor.runWorker(ThreadPoolExecutor.java:1128)
	at java.base/java.util.concurrent.ThreadPoolExecutor$Worker.run(ThreadPoolExecutor.java:628)
	at java.base/java.lang.Thread.run(Thread.java:834)
... Removed 24 stack frames</div></td></tr></table><p class="totop"><a href="#summary">back to summary</a></p><h3 id="m3">api.TestSkuRestApiSadPaths#testCreateSku_invalidData_returns400</h3><table class="result"><tr class="param"><th>Parameter #1</th><th>Parameter #2</th></tr><tr class="param stripe"><td>sku is bool</td><td>{&quot;price&quot;:1,&quot;description&quot;:&quot;description&quot;,&quot;sku&quot;:true}</td></tr><tr><th colspan="2">Exception</th></tr><tr><td colspan="2"><div class="stacktrace">java.lang.AssertionError: 1 expectation failed.
Expected status code &lt;400&gt; but was &lt;502&gt;.

	at org.codehaus.groovy.runtime.callsite.ConstructorSite$ConstructorSiteNoUnwrap.callConstructor(ConstructorSite.java:84)
	at org.codehaus.groovy.runtime.callsite.CallSiteArray.defaultCallConstructor(CallSiteArray.java:59)
	at org.codehaus.groovy.runtime.callsite.AbstractCallSite.callConstructor(AbstractCallSite.java:263)
	at org.codehaus.groovy.runtime.callsite.AbstractCallSite.callConstructor(AbstractCallSite.java:277)
	at io.restassured.internal.ResponseSpecificationImpl$HamcrestAssertionClosure.validate(ResponseSpecificationImpl.groovy:493)
	at io.restassured.internal.ResponseSpecificationImpl$HamcrestAssertionClosure$validate$21.call(Unknown Source)
	at org.codehaus.groovy.runtime.callsite.CallSiteArray.defaultCall(CallSiteArray.java:47)
	at org.codehaus.groovy.runtime.callsite.AbstractCallSite.call(AbstractCallSite.java:125)
	at org.codehaus.groovy.runtime.callsite.AbstractCallSite.call(AbstractCallSite.java:139)
	at io.restassured.internal.ResponseSpecificationImpl.validateResponseIfRequired(ResponseSpecificationImpl.groovy:674)
	at org.codehaus.groovy.runtime.callsite.PlainObjectMetaMethodSite.doInvoke(PlainObjectMetaMethodSite.java:43)
	at org.codehaus.groovy.runtime.callsite.PogoMetaMethodSite$PogoCachedMethodSiteNoUnwrapNoCoerce.invoke(PogoMetaMethodSite.java:193)
	at org.codehaus.groovy.runtime.callsite.PogoMetaMethodSite.callCurrent(PogoMetaMethodSite.java:61)
	at org.codehaus.groovy.runtime.callsite.CallSiteArray.defaultCallCurrent(CallSiteArray.java:51)
	at org.codehaus.groovy.runtime.callsite.AbstractCallSite.callCurrent(AbstractCallSite.java:171)
	at org.codehaus.groovy.runtime.callsite.AbstractCallSite.callCurrent(AbstractCallSite.java:185)
	at io.restassured.internal.ResponseSpecificationImpl.statusCode(ResponseSpecificationImpl.groovy:126)
	at io.restassured.specification.ResponseSpecification$statusCode$15.callCurrent(Unknown Source)
	at org.codehaus.groovy.runtime.callsite.CallSiteArray.defaultCallCurrent(CallSiteArray.java:51)
	at org.codehaus.groovy.runtime.callsite.AbstractCallSite.callCurrent(AbstractCallSite.java:171)
	at org.codehaus.groovy.runtime.callsite.AbstractCallSite.callCurrent(AbstractCallSite.java:185)
	at io.restassured.internal.ResponseSpecificationImpl.statusCode(ResponseSpecificationImpl.groovy:134)
	at io.restassured.internal.ValidatableResponseOptionsImpl.statusCode(ValidatableResponseOptionsImpl.java:89)
	at io.restassured.internal.ValidatableResponseImpl.super$2$statusCode(ValidatableResponseImpl.groovy)
	at groovy.lang.MetaMethod.doMethodInvoke(MetaMethod.java:323)
	at groovy.lang.MetaClassImpl.invokeMethod(MetaClassImpl.java:1262)
	at org.codehaus.groovy.runtime.ScriptBytecodeAdapter.invokeMethodOnSuperN(ScriptBytecodeAdapter.java:144)
	at io.restassured.internal.ValidatableResponseImpl.statusCode(ValidatableResponseImpl.groovy:142)
	at io.restassured.internal.ValidatableResponseImpl.statusCode(ValidatableResponseImpl.groovy)
	at api.TestSkuRestApiSadPaths.testCreateSku_invalidData_returns400(TestSkuRestApiSadPaths.java:36)
	at java.base/java.util.concurrent.FutureTask.run(FutureTask.java:264)
	at java.base/java.util.concurrent.Executors$RunnableAdapter.call(Executors.java:515)
	at java.base/java.util.concurrent.FutureTask.run(FutureTask.java:264)
	at java.base/java.util.concurrent.ThreadPoolExecutor.runWorker(ThreadPoolExecutor.java:1128)
	at java.base/java.util.concurrent.ThreadPoolExecutor$Worker.run(ThreadPoolExecutor.java:628)
	at java.base/java.lang.Thread.run(Thread.java:834)
... Removed 24 stack frames</div></td></tr></table><p class="totop"><a href="#summary">back to summary</a></p><h3 id="m4">api.TestSkuRestApiSadPaths#testCreateSku_invalidData_returns400</h3><table class="result"><tr class="param"><th>Parameter #1</th><th>Parameter #2</th></tr><tr class="param stripe"><td>description is null</td><td>{&quot;price&quot;:1,&quot;description&quot;:null,&quot;sku&quot;:&quot;sku&quot;}</td></tr><tr><th colspan="2">Exception</th></tr><tr><td colspan="2"><div class="stacktrace">java.lang.AssertionError: 1 expectation failed.
Expected status code &lt;400&gt; but was &lt;200&gt;.

	at org.codehaus.groovy.runtime.callsite.ConstructorSite$ConstructorSiteNoUnwrap.callConstructor(ConstructorSite.java:84)
	at org.codehaus.groovy.runtime.callsite.CallSiteArray.defaultCallConstructor(CallSiteArray.java:59)
	at org.codehaus.groovy.runtime.callsite.AbstractCallSite.callConstructor(AbstractCallSite.java:263)
	at org.codehaus.groovy.runtime.callsite.AbstractCallSite.callConstructor(AbstractCallSite.java:277)
	at io.restassured.internal.ResponseSpecificationImpl$HamcrestAssertionClosure.validate(ResponseSpecificationImpl.groovy:493)
	at io.restassured.internal.ResponseSpecificationImpl$HamcrestAssertionClosure$validate$21.call(Unknown Source)
	at org.codehaus.groovy.runtime.callsite.CallSiteArray.defaultCall(CallSiteArray.java:47)
	at org.codehaus.groovy.runtime.callsite.AbstractCallSite.call(AbstractCallSite.java:125)
	at org.codehaus.groovy.runtime.callsite.AbstractCallSite.call(AbstractCallSite.java:139)
	at io.restassured.internal.ResponseSpecificationImpl.validateResponseIfRequired(ResponseSpecificationImpl.groovy:674)
	at org.codehaus.groovy.runtime.callsite.PlainObjectMetaMethodSite.doInvoke(PlainObjectMetaMethodSite.java:43)
	at org.codehaus.groovy.runtime.callsite.PogoMetaMethodSite$PogoCachedMethodSiteNoUnwrapNoCoerce.invoke(PogoMetaMethodSite.java:193)
	at org.codehaus.groovy.runtime.callsite.PogoMetaMethodSite.callCurrent(PogoMetaMethodSite.java:61)
	at org.codehaus.groovy.runtime.callsite.AbstractCallSite.callCurrent(AbstractCallSite.java:185)
	at org.codehaus.groovy.runtime.callsite.AbstractCallSite.callCurrent(AbstractCallSite.java:183)
	at io.restassured.internal.ResponseSpecificationImpl.statusCode(ResponseSpecificationImpl.groovy:126)
	at io.restassured.specification.ResponseSpecification$statusCode$17.callCurrent(Unknown Source)
	at org.codehaus.groovy.runtime.callsite.CallSiteArray.defaultCallCurrent(CallSiteArray.java:51)
	at org.codehaus.groovy.runtime.callsite.AbstractCallSite.callCurrent(AbstractCallSite.java:171)
	at org.codehaus.groovy.runtime.callsite.AbstractCallSite.callCurrent(AbstractCallSite.java:185)
	at io.restassured.internal.ResponseSpecificationImpl.statusCode(ResponseSpecificationImpl.groovy:134)
	at io.restassured.internal.ValidatableResponseOptionsImpl.statusCode(ValidatableResponseOptionsImpl.java:89)
	at io.restassured.internal.ValidatableResponseImpl.super$2$statusCode(ValidatableResponseImpl.groovy)
	at groovy.lang.MetaMethod.doMethodInvoke(MetaMethod.java:323)
	at groovy.lang.MetaClassImpl.invokeMethod(MetaClassImpl.java:1262)
	at org.codehaus.groovy.runtime.ScriptBytecodeAdapter.invokeMethodOnSuperN(ScriptBytecodeAdapter.java:144)
	at io.restassured.internal.ValidatableResponseImpl.statusCode(ValidatableResponseImpl.groovy:142)
	at io.restassured.internal.ValidatableResponseImpl.statusCode(ValidatableResponseImpl.groovy)
	at api.TestSkuRestApiSadPaths.testCreateSku_invalidData_returns400(TestSkuRestApiSadPaths.java:36)
	at java.base/java.util.concurrent.FutureTask.run(FutureTask.java:264)
	at java.base/java.util.concurrent.Executors$RunnableAdapter.call(Executors.java:515)
	at java.base/java.util.concurrent.FutureTask.run(FutureTask.java:264)
	at java.base/java.util.concurrent.ThreadPoolExecutor.runWorker(ThreadPoolExecutor.java:1128)
	at java.base/java.util.concurrent.ThreadPoolExecutor$Worker.run(ThreadPoolExecutor.java:628)
	at java.base/java.lang.Thread.run(Thread.java:834)
... Removed 24 stack frames</div></td></tr></table><p class="totop"><a href="#summary">back to summary</a></p><h3 id="m5">api.TestSkuRestApiSadPaths#testCreateSku_invalidData_returns400</h3><table class="result"><tr class="param"><th>Parameter #1</th><th>Parameter #2</th></tr><tr class="param stripe"><td>description is int</td><td>{&quot;price&quot;:1,&quot;description&quot;:1,&quot;sku&quot;:&quot;sku&quot;}</td></tr><tr><th colspan="2">Exception</th></tr><tr><td colspan="2"><div class="stacktrace">java.lang.AssertionError: 1 expectation failed.
Expected status code &lt;400&gt; but was &lt;200&gt;.

	at org.codehaus.groovy.runtime.callsite.ConstructorSite$ConstructorSiteNoUnwrap.callConstructor(ConstructorSite.java:84)
	at org.codehaus.groovy.runtime.callsite.CallSiteArray.defaultCallConstructor(CallSiteArray.java:59)
	at org.codehaus.groovy.runtime.callsite.AbstractCallSite.callConstructor(AbstractCallSite.java:263)
	at org.codehaus.groovy.runtime.callsite.AbstractCallSite.callConstructor(AbstractCallSite.java:277)
	at io.restassured.internal.ResponseSpecificationImpl$HamcrestAssertionClosure.validate(ResponseSpecificationImpl.groovy:493)
	at io.restassured.internal.ResponseSpecificationImpl$HamcrestAssertionClosure$validate$21.call(Unknown Source)
	at io.restassured.internal.ResponseSpecificationImpl.validateResponseIfRequired(ResponseSpecificationImpl.groovy:674)
	at org.codehaus.groovy.runtime.callsite.PlainObjectMetaMethodSite.doInvoke(PlainObjectMetaMethodSite.java:43)
	at org.codehaus.groovy.runtime.callsite.PogoMetaMethodSite$PogoCachedMethodSiteNoUnwrapNoCoerce.invoke(PogoMetaMethodSite.java:193)
	at org.codehaus.groovy.runtime.callsite.PogoMetaMethodSite.callCurrent(PogoMetaMethodSite.java:61)
	at org.codehaus.groovy.runtime.callsite.AbstractCallSite.callCurrent(AbstractCallSite.java:185)
	at io.restassured.internal.ResponseSpecificationImpl.statusCode(ResponseSpecificationImpl.groovy:126)
	at io.restassured.specification.ResponseSpecification$statusCode$18.callCurrent(Unknown Source)
	at io.restassured.internal.ResponseSpecificationImpl.statusCode(ResponseSpecificationImpl.groovy:134)
	at io.restassured.internal.ValidatableResponseOptionsImpl.statusCode(ValidatableResponseOptionsImpl.java:89)
	at io.restassured.internal.ValidatableResponseImpl.super$2$statusCode(ValidatableResponseImpl.groovy)
	at groovy.lang.MetaMethod.doMethodInvoke(MetaMethod.java:323)
	at groovy.lang.MetaClassImpl.invokeMethod(MetaClassImpl.java:1262)
	at org.codehaus.groovy.runtime.ScriptBytecodeAdapter.invokeMethodOnSuperN(ScriptBytecodeAdapter.java:144)
	at io.restassured.internal.ValidatableResponseImpl.statusCode(ValidatableResponseImpl.groovy:142)
	at io.restassured.internal.ValidatableResponseImpl.statusCode(ValidatableResponseImpl.groovy)
	at api.TestSkuRestApiSadPaths.testCreateSku_invalidData_returns400(TestSkuRestApiSadPaths.java:36)
	at java.base/java.util.concurrent.FutureTask.run(FutureTask.java:264)
	at java.base/java.util.concurrent.Executors$RunnableAdapter.call(Executors.java:515)
	at java.base/java.util.concurrent.FutureTask.run(FutureTask.java:264)
	at java.base/java.util.concurrent.ThreadPoolExecutor.runWorker(ThreadPoolExecutor.java:1128)
	at java.base/java.util.concurrent.ThreadPoolExecutor$Worker.run(ThreadPoolExecutor.java:628)
	at java.base/java.lang.Thread.run(Thread.java:834)
... Removed 24 stack frames</div></td></tr></table><p class="totop"><a href="#summary">back to summary</a></p><h3 id="m6">api.TestSkuRestApiSadPaths#testCreateSku_invalidData_returns400</h3><table class="result"><tr class="param"><th>Parameter #1</th><th>Parameter #2</th></tr><tr class="param stripe"><td>price is bool</td><td>{&quot;price&quot;:true,&quot;description&quot;:&quot;description&quot;,&quot;sku&quot;:&quot;sku&quot;}</td></tr><tr><th colspan="2">Exception</th></tr><tr><td colspan="2"><div class="stacktrace">java.lang.AssertionError: 1 expectation failed.
Expected status code &lt;400&gt; but was &lt;200&gt;.

	at org.codehaus.groovy.runtime.callsite.ConstructorSite$ConstructorSiteNoUnwrap.callConstructor(ConstructorSite.java:84)
	at org.codehaus.groovy.runtime.callsite.AbstractCallSite.callConstructor(AbstractCallSite.java:277)
	at io.restassured.internal.ResponseSpecificationImpl$HamcrestAssertionClosure.validate(ResponseSpecificationImpl.groovy:493)
	at io.restassured.internal.ResponseSpecificationImpl$HamcrestAssertionClosure$validate$21.call(Unknown Source)
	at io.restassured.internal.ResponseSpecificationImpl.validateResponseIfRequired(ResponseSpecificationImpl.groovy:674)
	at org.codehaus.groovy.runtime.callsite.PlainObjectMetaMethodSite.doInvoke(PlainObjectMetaMethodSite.java:43)
	at org.codehaus.groovy.runtime.callsite.PogoMetaMethodSite$PogoCachedMethodSiteNoUnwrapNoCoerce.invoke(PogoMetaMethodSite.java:193)
	at org.codehaus.groovy.runtime.callsite.PogoMetaMethodSite.callCurrent(PogoMetaMethodSite.java:61)
	at org.codehaus.groovy.runtime.callsite.AbstractCallSite.callCurrent(AbstractCallSite.java:185)
	at io.restassured.internal.ResponseSpecificationImpl.statusCode(ResponseSpecificationImpl.groovy:126)
	at io.restassured.specification.ResponseSpecification$statusCode$18.callCurrent(Unknown Source)
	at io.restassured.internal.ResponseSpecificationImpl.statusCode(ResponseSpecificationImpl.groovy:134)
	at io.restassured.internal.ValidatableResponseOptionsImpl.statusCode(ValidatableResponseOptionsImpl.java:89)
	at io.restassured.internal.ValidatableResponseImpl.super$2$statusCode(ValidatableResponseImpl.groovy)
	at groovy.lang.MetaMethod.doMethodInvoke(MetaMethod.java:323)
	at groovy.lang.MetaClassImpl.invokeMethod(MetaClassImpl.java:1262)
	at org.codehaus.groovy.runtime.ScriptBytecodeAdapter.invokeMethodOnSuperN(ScriptBytecodeAdapter.java:144)
	at io.restassured.internal.ValidatableResponseImpl.statusCode(ValidatableResponseImpl.groovy:142)
	at io.restassured.internal.ValidatableResponseImpl.statusCode(ValidatableResponseImpl.groovy)
	at api.TestSkuRestApiSadPaths.testCreateSku_invalidData_returns400(TestSkuRestApiSadPaths.java:36)
	at java.base/java.util.concurrent.FutureTask.run(FutureTask.java:264)
	at java.base/java.util.concurrent.Executors$RunnableAdapter.call(Executors.java:515)
	at java.base/java.util.concurrent.FutureTask.run(FutureTask.java:264)
	at java.base/java.util.concurrent.ThreadPoolExecutor.runWorker(ThreadPoolExecutor.java:1128)
	at java.base/java.util.concurrent.ThreadPoolExecutor$Worker.run(ThreadPoolExecutor.java:628)
	at java.base/java.lang.Thread.run(Thread.java:834)
... Removed 24 stack frames</div></td></tr></table><p class="totop"><a href="#summary">back to summary</a></p><h3 id="m7">api.TestSkuRestApiSadPaths#testCreateSku_invalidData_returns400</h3><table class="result"><tr class="param"><th>Parameter #1</th><th>Parameter #2</th></tr><tr class="param stripe"><td>price is string</td><td>{&quot;price&quot;:&quot;string&quot;,&quot;description&quot;:&quot;description&quot;,&quot;sku&quot;:&quot;sku&quot;}</td></tr><tr><th colspan="2">Exception</th></tr><tr><td colspan="2"><div class="stacktrace">java.lang.AssertionError: 1 expectation failed.
Expected status code &lt;400&gt; but was &lt;200&gt;.

	at org.codehaus.groovy.runtime.callsite.ConstructorSite$ConstructorSiteNoUnwrap.callConstructor(ConstructorSite.java:84)
	at org.codehaus.groovy.runtime.callsite.AbstractCallSite.callConstructor(AbstractCallSite.java:277)
	at io.restassured.internal.ResponseSpecificationImpl$HamcrestAssertionClosure.validate(ResponseSpecificationImpl.groovy:493)
	at io.restassured.internal.ResponseSpecificationImpl$HamcrestAssertionClosure$validate$21.call(Unknown Source)
	at io.restassured.internal.ResponseSpecificationImpl.validateResponseIfRequired(ResponseSpecificationImpl.groovy:674)
	at org.codehaus.groovy.runtime.callsite.PlainObjectMetaMethodSite.doInvoke(PlainObjectMetaMethodSite.java:43)
	at org.codehaus.groovy.runtime.callsite.PogoMetaMethodSite$PogoCachedMethodSiteNoUnwrapNoCoerce.invoke(PogoMetaMethodSite.java:193)
	at org.codehaus.groovy.runtime.callsite.PogoMetaMethodSite.callCurrent(PogoMetaMethodSite.java:61)
	at org.codehaus.groovy.runtime.callsite.AbstractCallSite.callCurrent(AbstractCallSite.java:185)
	at io.restassured.internal.ResponseSpecificationImpl.statusCode(ResponseSpecificationImpl.groovy:126)
	at io.restassured.specification.ResponseSpecification$statusCode$18.callCurrent(Unknown Source)
	at io.restassured.internal.ResponseSpecificationImpl.statusCode(ResponseSpecificationImpl.groovy:134)
	at io.restassured.internal.ValidatableResponseOptionsImpl.statusCode(ValidatableResponseOptionsImpl.java:89)
	at io.restassured.internal.ValidatableResponseImpl.super$2$statusCode(ValidatableResponseImpl.groovy)
	at groovy.lang.MetaMethod.doMethodInvoke(MetaMethod.java:323)
	at groovy.lang.MetaClassImpl.invokeMethod(MetaClassImpl.java:1262)
	at org.codehaus.groovy.runtime.ScriptBytecodeAdapter.invokeMethodOnSuperN(ScriptBytecodeAdapter.java:144)
	at io.restassured.internal.ValidatableResponseImpl.statusCode(ValidatableResponseImpl.groovy:142)
	at io.restassured.internal.ValidatableResponseImpl.statusCode(ValidatableResponseImpl.groovy)
	at api.TestSkuRestApiSadPaths.testCreateSku_invalidData_returns400(TestSkuRestApiSadPaths.java:36)
	at java.base/java.util.concurrent.FutureTask.run(FutureTask.java:264)
	at java.base/java.util.concurrent.Executors$RunnableAdapter.call(Executors.java:515)
	at java.base/java.util.concurrent.FutureTask.run(FutureTask.java:264)
	at java.base/java.util.concurrent.ThreadPoolExecutor.runWorker(ThreadPoolExecutor.java:1128)
	at java.base/java.util.concurrent.ThreadPoolExecutor$Worker.run(ThreadPoolExecutor.java:628)
	at java.base/java.lang.Thread.run(Thread.java:834)
... Removed 24 stack frames</div></td></tr></table><p class="totop"><a href="#summary">back to summary</a></p><h3 id="m8">api.TestSkuRestApiSadPaths#testCreateSku_invalidData_returns400</h3><table class="result"><tr class="param"><th>Parameter #1</th><th>Parameter #2</th></tr><tr class="param stripe"><td>sku is int</td><td>{&quot;price&quot;:1,&quot;description&quot;:&quot;description&quot;,&quot;sku&quot;:1}</td></tr><tr><th colspan="2">Exception</th></tr><tr><td colspan="2"><div class="stacktrace">java.lang.AssertionError: 1 expectation failed.
Expected status code &lt;400&gt; but was &lt;502&gt;.

	at org.codehaus.groovy.runtime.callsite.ConstructorSite$ConstructorSiteNoUnwrap.callConstructor(ConstructorSite.java:84)
	at org.codehaus.groovy.runtime.callsite.CallSiteArray.defaultCallConstructor(CallSiteArray.java:59)
	at org.codehaus.groovy.runtime.callsite.AbstractCallSite.callConstructor(AbstractCallSite.java:263)
	at org.codehaus.groovy.runtime.callsite.AbstractCallSite.callConstructor(AbstractCallSite.java:277)
	at io.restassured.internal.ResponseSpecificationImpl$HamcrestAssertionClosure.validate(ResponseSpecificationImpl.groovy:493)
	at io.restassured.internal.ResponseSpecificationImpl$HamcrestAssertionClosure$validate$21.call(Unknown Source)
	at io.restassured.internal.ResponseSpecificationImpl.validateResponseIfRequired(ResponseSpecificationImpl.groovy:674)
	at org.codehaus.groovy.runtime.callsite.PlainObjectMetaMethodSite.doInvoke(PlainObjectMetaMethodSite.java:43)
	at org.codehaus.groovy.runtime.callsite.PogoMetaMethodSite$PogoCachedMethodSiteNoUnwrapNoCoerce.invoke(PogoMetaMethodSite.java:193)
	at org.codehaus.groovy.runtime.callsite.PogoMetaMethodSite.callCurrent(PogoMetaMethodSite.java:61)
	at org.codehaus.groovy.runtime.callsite.AbstractCallSite.callCurrent(AbstractCallSite.java:185)
	at org.codehaus.groovy.runtime.callsite.AbstractCallSite.callCurrent(AbstractCallSite.java:183)
	at io.restassured.internal.ResponseSpecificationImpl.statusCode(ResponseSpecificationImpl.groovy:126)
	at io.restassured.specification.ResponseSpecification$statusCode$18.callCurrent(Unknown Source)
	at org.codehaus.groovy.runtime.callsite.CallSiteArray.defaultCallCurrent(CallSiteArray.java:51)
	at org.codehaus.groovy.runtime.callsite.AbstractCallSite.callCurrent(AbstractCallSite.java:171)
	at org.codehaus.groovy.runtime.callsite.AbstractCallSite.callCurrent(AbstractCallSite.java:185)
	at io.restassured.internal.ResponseSpecificationImpl.statusCode(ResponseSpecificationImpl.groovy:134)
	at io.restassured.internal.ValidatableResponseOptionsImpl.statusCode(ValidatableResponseOptionsImpl.java:89)
	at io.restassured.internal.ValidatableResponseImpl.super$2$statusCode(ValidatableResponseImpl.groovy)
	at groovy.lang.MetaMethod.doMethodInvoke(MetaMethod.java:323)
	at groovy.lang.MetaClassImpl.invokeMethod(MetaClassImpl.java:1262)
	at org.codehaus.groovy.runtime.ScriptBytecodeAdapter.invokeMethodOnSuperN(ScriptBytecodeAdapter.java:144)
	at io.restassured.internal.ValidatableResponseImpl.statusCode(ValidatableResponseImpl.groovy:142)
	at io.restassured.internal.ValidatableResponseImpl.statusCode(ValidatableResponseImpl.groovy)
	at api.TestSkuRestApiSadPaths.testCreateSku_invalidData_returns400(TestSkuRestApiSadPaths.java:36)
	at java.base/java.util.concurrent.FutureTask.run(FutureTask.java:264)
	at java.base/java.util.concurrent.Executors$RunnableAdapter.call(Executors.java:515)
	at java.base/java.util.concurrent.FutureTask.run(FutureTask.java:264)
	at java.base/java.util.concurrent.ThreadPoolExecutor.runWorker(ThreadPoolExecutor.java:1128)
	at java.base/java.util.concurrent.ThreadPoolExecutor$Worker.run(ThreadPoolExecutor.java:628)
	at java.base/java.lang.Thread.run(Thread.java:834)
... Removed 24 stack frames</div></td></tr></table><p class="totop"><a href="#summary">back to summary</a></p><h3 id="m9">api.TestSkuRestApiSadPaths#testCreateSku_invalidData_returns400</h3><table class="result"><tr class="param"><th>Parameter #1</th><th>Parameter #2</th></tr><tr class="param stripe"><td>price is null</td><td>{&quot;price&quot;:null,&quot;description&quot;:&quot;description&quot;,&quot;sku&quot;:&quot;sku&quot;}</td></tr><tr><th colspan="2">Exception</th></tr><tr><td colspan="2"><div class="stacktrace">java.lang.AssertionError: 1 expectation failed.
Expected status code &lt;400&gt; but was &lt;200&gt;.

	at org.codehaus.groovy.runtime.callsite.ConstructorSite$ConstructorSiteNoUnwrap.callConstructor(ConstructorSite.java:84)
	at org.codehaus.groovy.runtime.callsite.AbstractCallSite.callConstructor(AbstractCallSite.java:277)
	at io.restassured.internal.ResponseSpecificationImpl$HamcrestAssertionClosure.validate(ResponseSpecificationImpl.groovy:493)
	at io.restassured.internal.ResponseSpecificationImpl$HamcrestAssertionClosure$validate$21.call(Unknown Source)
	at io.restassured.internal.ResponseSpecificationImpl.validateResponseIfRequired(ResponseSpecificationImpl.groovy:674)
	at org.codehaus.groovy.runtime.callsite.PlainObjectMetaMethodSite.doInvoke(PlainObjectMetaMethodSite.java:43)
	at org.codehaus.groovy.runtime.callsite.PogoMetaMethodSite$PogoCachedMethodSiteNoUnwrapNoCoerce.invoke(PogoMetaMethodSite.java:193)
	at org.codehaus.groovy.runtime.callsite.PogoMetaMethodSite.callCurrent(PogoMetaMethodSite.java:61)
	at org.codehaus.groovy.runtime.callsite.AbstractCallSite.callCurrent(AbstractCallSite.java:185)
	at io.restassured.internal.ResponseSpecificationImpl.statusCode(ResponseSpecificationImpl.groovy:126)
	at io.restassured.specification.ResponseSpecification$statusCode$18.callCurrent(Unknown Source)
	at io.restassured.internal.ResponseSpecificationImpl.statusCode(ResponseSpecificationImpl.groovy:134)
	at io.restassured.internal.ValidatableResponseOptionsImpl.statusCode(ValidatableResponseOptionsImpl.java:89)
	at io.restassured.internal.ValidatableResponseImpl.super$2$statusCode(ValidatableResponseImpl.groovy)
	at groovy.lang.MetaMethod.doMethodInvoke(MetaMethod.java:323)
	at groovy.lang.MetaClassImpl.invokeMethod(MetaClassImpl.java:1262)
	at org.codehaus.groovy.runtime.ScriptBytecodeAdapter.invokeMethodOnSuperN(ScriptBytecodeAdapter.java:144)
	at io.restassured.internal.ValidatableResponseImpl.statusCode(ValidatableResponseImpl.groovy:142)
	at io.restassured.internal.ValidatableResponseImpl.statusCode(ValidatableResponseImpl.groovy)
	at api.TestSkuRestApiSadPaths.testCreateSku_invalidData_returns400(TestSkuRestApiSadPaths.java:36)
	at java.base/java.util.concurrent.FutureTask.run(FutureTask.java:264)
	at java.base/java.util.concurrent.Executors$RunnableAdapter.call(Executors.java:515)
	at java.base/java.util.concurrent.FutureTask.run(FutureTask.java:264)
	at java.base/java.util.concurrent.ThreadPoolExecutor.runWorker(ThreadPoolExecutor.java:1128)
	at java.base/java.util.concurrent.ThreadPoolExecutor$Worker.run(ThreadPoolExecutor.java:628)
	at java.base/java.lang.Thread.run(Thread.java:834)
... Removed 24 stack frames</div></td></tr></table><p class="totop"><a href="#summary">back to summary</a></p><h3 id="m10">api.TestSkuRestApiSadPaths#testCreateSku_invalidData_returns400</h3><table class="result"><tr class="param"><th>Parameter #1</th><th>Parameter #2</th></tr><tr class="param stripe"><td>sku is double</td><td>{&quot;price&quot;:1,&quot;description&quot;:&quot;description&quot;,&quot;sku&quot;:1.1}</td></tr><tr><th colspan="2">Exception</th></tr><tr><td colspan="2"><div class="stacktrace">java.lang.AssertionError: 1 expectation failed.
Expected status code &lt;400&gt; but was &lt;502&gt;.

	at org.codehaus.groovy.runtime.callsite.ConstructorSite$ConstructorSiteNoUnwrap.callConstructor(ConstructorSite.java:84)
	at org.codehaus.groovy.runtime.callsite.CallSiteArray.defaultCallConstructor(CallSiteArray.java:59)
	at org.codehaus.groovy.runtime.callsite.AbstractCallSite.callConstructor(AbstractCallSite.java:263)
	at org.codehaus.groovy.runtime.callsite.AbstractCallSite.callConstructor(AbstractCallSite.java:277)
	at io.restassured.internal.ResponseSpecificationImpl$HamcrestAssertionClosure.validate(ResponseSpecificationImpl.groovy:493)
	at io.restassured.internal.ResponseSpecificationImpl$HamcrestAssertionClosure$validate$21.call(Unknown Source)
	at io.restassured.internal.ResponseSpecificationImpl.validateResponseIfRequired(ResponseSpecificationImpl.groovy:674)
	at org.codehaus.groovy.runtime.callsite.PlainObjectMetaMethodSite.doInvoke(PlainObjectMetaMethodSite.java:43)
	at org.codehaus.groovy.runtime.callsite.PogoMetaMethodSite$PogoCachedMethodSiteNoUnwrapNoCoerce.invoke(PogoMetaMethodSite.java:193)
	at org.codehaus.groovy.runtime.callsite.PogoMetaMethodSite.callCurrent(PogoMetaMethodSite.java:61)
	at org.codehaus.groovy.runtime.callsite.AbstractCallSite.callCurrent(AbstractCallSite.java:185)
	at org.codehaus.groovy.runtime.callsite.AbstractCallSite.callCurrent(AbstractCallSite.java:183)
	at io.restassured.internal.ResponseSpecificationImpl.statusCode(ResponseSpecificationImpl.groovy:126)
	at io.restassured.specification.ResponseSpecification$statusCode$20.callCurrent(Unknown Source)
	at org.codehaus.groovy.runtime.callsite.CallSiteArray.defaultCallCurrent(CallSiteArray.java:51)
	at org.codehaus.groovy.runtime.callsite.AbstractCallSite.callCurrent(AbstractCallSite.java:171)
	at org.codehaus.groovy.runtime.callsite.AbstractCallSite.callCurrent(AbstractCallSite.java:185)
	at io.restassured.internal.ResponseSpecificationImpl.statusCode(ResponseSpecificationImpl.groovy:134)
	at io.restassured.internal.ValidatableResponseOptionsImpl.statusCode(ValidatableResponseOptionsImpl.java:89)
	at io.restassured.internal.ValidatableResponseImpl.super$2$statusCode(ValidatableResponseImpl.groovy)
	at groovy.lang.MetaMethod.doMethodInvoke(MetaMethod.java:323)
	at groovy.lang.MetaClassImpl.invokeMethod(MetaClassImpl.java:1262)
	at org.codehaus.groovy.runtime.ScriptBytecodeAdapter.invokeMethodOnSuperN(ScriptBytecodeAdapter.java:144)
	at io.restassured.internal.ValidatableResponseImpl.statusCode(ValidatableResponseImpl.groovy:142)
	at io.restassured.internal.ValidatableResponseImpl.statusCode(ValidatableResponseImpl.groovy)
	at api.TestSkuRestApiSadPaths.testCreateSku_invalidData_returns400(TestSkuRestApiSadPaths.java:36)
	at java.base/java.util.concurrent.FutureTask.run(FutureTask.java:264)
	at java.base/java.util.concurrent.Executors$RunnableAdapter.call(Executors.java:515)
	at java.base/java.util.concurrent.FutureTask.run(FutureTask.java:264)
	at java.base/java.util.concurrent.ThreadPoolExecutor.runWorker(ThreadPoolExecutor.java:1128)
	at java.base/java.util.concurrent.ThreadPoolExecutor$Worker.run(ThreadPoolExecutor.java:628)
	at java.base/java.lang.Thread.run(Thread.java:834)
... Removed 24 stack frames</div></td></tr></table><p class="totop"><a href="#summary">back to summary</a></p><h3 id="m11">api.TestSkuRestApiSadPaths#testCreateSku_invalidData_returns400</h3><table class="result"><tr class="param"><th>Parameter #1</th><th>Parameter #2</th></tr><tr class="param stripe"><td>description is double</td><td>{&quot;price&quot;:1,&quot;description&quot;:1.1,&quot;sku&quot;:&quot;sku&quot;}</td></tr><tr><th colspan="2">Exception</th></tr><tr><td colspan="2"><div class="stacktrace">java.lang.AssertionError: 1 expectation failed.
Expected status code &lt;400&gt; but was &lt;502&gt;.

	at org.codehaus.groovy.runtime.callsite.ConstructorSite$ConstructorSiteNoUnwrap.callConstructor(ConstructorSite.java:84)
	at org.codehaus.groovy.runtime.callsite.AbstractCallSite.callConstructor(AbstractCallSite.java:277)
	at io.restassured.internal.ResponseSpecificationImpl$HamcrestAssertionClosure.validate(ResponseSpecificationImpl.groovy:493)
	at io.restassured.internal.ResponseSpecificationImpl$HamcrestAssertionClosure$validate$21.call(Unknown Source)
	at io.restassured.internal.ResponseSpecificationImpl.validateResponseIfRequired(ResponseSpecificationImpl.groovy:674)
	at org.codehaus.groovy.runtime.callsite.PlainObjectMetaMethodSite.doInvoke(PlainObjectMetaMethodSite.java:43)
	at org.codehaus.groovy.runtime.callsite.PogoMetaMethodSite$PogoCachedMethodSiteNoUnwrapNoCoerce.invoke(PogoMetaMethodSite.java:193)
	at org.codehaus.groovy.runtime.callsite.PogoMetaMethodSite.callCurrent(PogoMetaMethodSite.java:61)
	at org.codehaus.groovy.runtime.callsite.AbstractCallSite.callCurrent(AbstractCallSite.java:185)
	at io.restassured.internal.ResponseSpecificationImpl.statusCode(ResponseSpecificationImpl.groovy:126)
	at io.restassured.specification.ResponseSpecification$statusCode$18.callCurrent(Unknown Source)
	at io.restassured.internal.ResponseSpecificationImpl.statusCode(ResponseSpecificationImpl.groovy:134)
	at io.restassured.internal.ValidatableResponseOptionsImpl.statusCode(ValidatableResponseOptionsImpl.java:89)
	at io.restassured.internal.ValidatableResponseImpl.super$2$statusCode(ValidatableResponseImpl.groovy)
	at groovy.lang.MetaMethod.doMethodInvoke(MetaMethod.java:323)
	at groovy.lang.MetaClassImpl.invokeMethod(MetaClassImpl.java:1262)
	at org.codehaus.groovy.runtime.ScriptBytecodeAdapter.invokeMethodOnSuperN(ScriptBytecodeAdapter.java:144)
	at io.restassured.internal.ValidatableResponseImpl.statusCode(ValidatableResponseImpl.groovy:142)
	at io.restassured.internal.ValidatableResponseImpl.statusCode(ValidatableResponseImpl.groovy)
	at api.TestSkuRestApiSadPaths.testCreateSku_invalidData_returns400(TestSkuRestApiSadPaths.java:36)
	at java.base/java.util.concurrent.FutureTask.run(FutureTask.java:264)
	at java.base/java.util.concurrent.Executors$RunnableAdapter.call(Executors.java:515)
	at java.base/java.util.concurrent.FutureTask.run(FutureTask.java:264)
	at java.base/java.util.concurrent.ThreadPoolExecutor.runWorker(ThreadPoolExecutor.java:1128)
	at java.base/java.util.concurrent.ThreadPoolExecutor$Worker.run(ThreadPoolExecutor.java:628)
	at java.base/java.lang.Thread.run(Thread.java:834)
... Removed 24 stack frames</div></td></tr></table><p class="totop"><a href="#summary">back to summary</a></p><h3 id="m12">api.TestSkuRestApiSadPaths#testCreateSku_invalidData_returns400</h3><table class="result"><tr class="param"><th>Parameter #1</th><th>Parameter #2</th></tr><tr class="param stripe"><td>description is bool</td><td>{&quot;price&quot;:1,&quot;description&quot;:true,&quot;sku&quot;:&quot;sku&quot;}</td></tr><tr><th colspan="2">Exception</th></tr><tr><td colspan="2"><div class="stacktrace">java.lang.AssertionError: 1 expectation failed.
Expected status code &lt;400&gt; but was &lt;200&gt;.

	at org.codehaus.groovy.runtime.callsite.ConstructorSite$ConstructorSiteNoUnwrap.callConstructor(ConstructorSite.java:84)
	at org.codehaus.groovy.runtime.callsite.AbstractCallSite.callConstructor(AbstractCallSite.java:277)
	at io.restassured.internal.ResponseSpecificationImpl$HamcrestAssertionClosure.validate(ResponseSpecificationImpl.groovy:493)
	at io.restassured.internal.ResponseSpecificationImpl$HamcrestAssertionClosure$validate$21.call(Unknown Source)
	at io.restassured.internal.ResponseSpecificationImpl.validateResponseIfRequired(ResponseSpecificationImpl.groovy:674)
	at org.codehaus.groovy.runtime.callsite.PlainObjectMetaMethodSite.doInvoke(PlainObjectMetaMethodSite.java:43)
	at org.codehaus.groovy.runtime.callsite.PogoMetaMethodSite$PogoCachedMethodSiteNoUnwrapNoCoerce.invoke(PogoMetaMethodSite.java:193)
	at org.codehaus.groovy.runtime.callsite.PogoMetaMethodSite.callCurrent(PogoMetaMethodSite.java:61)
	at org.codehaus.groovy.runtime.callsite.AbstractCallSite.callCurrent(AbstractCallSite.java:185)
	at io.restassured.internal.ResponseSpecificationImpl.statusCode(ResponseSpecificationImpl.groovy:126)
	at io.restassured.specification.ResponseSpecification$statusCode$18.callCurrent(Unknown Source)
	at io.restassured.internal.ResponseSpecificationImpl.statusCode(ResponseSpecificationImpl.groovy:134)
	at io.restassured.internal.ValidatableResponseOptionsImpl.statusCode(ValidatableResponseOptionsImpl.java:89)
	at io.restassured.internal.ValidatableResponseImpl.super$2$statusCode(ValidatableResponseImpl.groovy)
	at groovy.lang.MetaMethod.doMethodInvoke(MetaMethod.java:323)
	at groovy.lang.MetaClassImpl.invokeMethod(MetaClassImpl.java:1262)
	at org.codehaus.groovy.runtime.ScriptBytecodeAdapter.invokeMethodOnSuperN(ScriptBytecodeAdapter.java:144)
	at io.restassured.internal.ValidatableResponseImpl.statusCode(ValidatableResponseImpl.groovy:142)
	at io.restassured.internal.ValidatableResponseImpl.statusCode(ValidatableResponseImpl.groovy)
	at api.TestSkuRestApiSadPaths.testCreateSku_invalidData_returns400(TestSkuRestApiSadPaths.java:36)
	at java.base/java.util.concurrent.FutureTask.run(FutureTask.java:264)
	at java.base/java.util.concurrent.Executors$RunnableAdapter.call(Executors.java:515)
	at java.base/java.util.concurrent.FutureTask.run(FutureTask.java:264)
	at java.base/java.util.concurrent.ThreadPoolExecutor.runWorker(ThreadPoolExecutor.java:1128)
	at java.base/java.util.concurrent.ThreadPoolExecutor$Worker.run(ThreadPoolExecutor.java:628)
	at java.base/java.lang.Thread.run(Thread.java:834)
... Removed 24 stack frames</div></td></tr></table><p class="totop"><a href="#summary">back to summary</a></p><h3 id="m13">api.TestSkuRestApiSadPaths#testCreateSku_invalidData_returns400</h3><table class="result"><tr class="param"><th>Parameter #1</th><th>Parameter #2</th></tr><tr class="param stripe"><td>sku is null</td><td>{&quot;price&quot;:1,&quot;description&quot;:&quot;description&quot;,&quot;sku&quot;:null}</td></tr><tr><th colspan="2">Exception</th></tr><tr><td colspan="2"><div class="stacktrace">java.lang.AssertionError: 1 expectation failed.
Expected status code &lt;400&gt; but was &lt;502&gt;.

	at org.codehaus.groovy.runtime.callsite.ConstructorSite$ConstructorSiteNoUnwrap.callConstructor(ConstructorSite.java:84)
	at org.codehaus.groovy.runtime.callsite.CallSiteArray.defaultCallConstructor(CallSiteArray.java:59)
	at org.codehaus.groovy.runtime.callsite.AbstractCallSite.callConstructor(AbstractCallSite.java:263)
	at org.codehaus.groovy.runtime.callsite.AbstractCallSite.callConstructor(AbstractCallSite.java:277)
	at io.restassured.internal.ResponseSpecificationImpl$HamcrestAssertionClosure.validate(ResponseSpecificationImpl.groovy:493)
	at io.restassured.internal.ResponseSpecificationImpl$HamcrestAssertionClosure$validate$21.call(Unknown Source)
	at org.codehaus.groovy.runtime.callsite.CallSiteArray.defaultCall(CallSiteArray.java:47)
	at org.codehaus.groovy.runtime.callsite.AbstractCallSite.call(AbstractCallSite.java:125)
	at org.codehaus.groovy.runtime.callsite.AbstractCallSite.call(AbstractCallSite.java:139)
	at io.restassured.internal.ResponseSpecificationImpl.validateResponseIfRequired(ResponseSpecificationImpl.groovy:674)
	at org.codehaus.groovy.runtime.callsite.PlainObjectMetaMethodSite.doInvoke(PlainObjectMetaMethodSite.java:43)
	at org.codehaus.groovy.runtime.callsite.PogoMetaMethodSite$PogoCachedMethodSiteNoUnwrapNoCoerce.invoke(PogoMetaMethodSite.java:193)
	at org.codehaus.groovy.runtime.callsite.PogoMetaMethodSite.callCurrent(PogoMetaMethodSite.java:61)
	at org.codehaus.groovy.runtime.callsite.AbstractCallSite.callCurrent(AbstractCallSite.java:185)
	at org.codehaus.groovy.runtime.callsite.AbstractCallSite.callCurrent(AbstractCallSite.java:183)
	at io.restassured.internal.ResponseSpecificationImpl.statusCode(ResponseSpecificationImpl.groovy:126)
	at io.restassured.specification.ResponseSpecification$statusCode$13.callCurrent(Unknown Source)
	at org.codehaus.groovy.runtime.callsite.CallSiteArray.defaultCallCurrent(CallSiteArray.java:51)
	at org.codehaus.groovy.runtime.callsite.AbstractCallSite.callCurrent(AbstractCallSite.java:171)
	at org.codehaus.groovy.runtime.callsite.AbstractCallSite.callCurrent(AbstractCallSite.java:185)
	at io.restassured.internal.ResponseSpecificationImpl.statusCode(ResponseSpecificationImpl.groovy:134)
	at io.restassured.internal.ValidatableResponseOptionsImpl.statusCode(ValidatableResponseOptionsImpl.java:89)
	at io.restassured.internal.ValidatableResponseImpl.super$2$statusCode(ValidatableResponseImpl.groovy)
	at groovy.lang.MetaMethod.doMethodInvoke(MetaMethod.java:323)
	at groovy.lang.MetaClassImpl.invokeMethod(MetaClassImpl.java:1262)
	at org.codehaus.groovy.runtime.ScriptBytecodeAdapter.invokeMethodOnSuperN(ScriptBytecodeAdapter.java:144)
	at io.restassured.internal.ValidatableResponseImpl.statusCode(ValidatableResponseImpl.groovy:142)
	at io.restassured.internal.ValidatableResponseImpl.statusCode(ValidatableResponseImpl.groovy)
	at api.TestSkuRestApiSadPaths.testCreateSku_invalidData_returns400(TestSkuRestApiSadPaths.java:36)
	at java.base/java.util.concurrent.FutureTask.run(FutureTask.java:264)
	at java.base/java.util.concurrent.Executors$RunnableAdapter.call(Executors.java:515)
	at java.base/java.util.concurrent.FutureTask.run(FutureTask.java:264)
	at java.base/java.util.concurrent.ThreadPoolExecutor.runWorker(ThreadPoolExecutor.java:1128)
	at java.base/java.util.concurrent.ThreadPoolExecutor$Worker.run(ThreadPoolExecutor.java:628)
	at java.base/java.lang.Thread.run(Thread.java:834)
... Removed 24 stack frames</div></td></tr></table><p class="totop"><a href="#summary">back to summary</a></p><h3 id="m14">api.TestSkuRestApiSadPaths#testDeleteSku_skuDoesNotExist_returns404</h3><table class="result"><tr><th>Exception</th></tr><tr><td><div class="stacktrace">java.lang.AssertionError: 1 expectation failed.
Expected status code &lt;404&gt; but was &lt;200&gt;.

	at org.codehaus.groovy.runtime.callsite.ConstructorSite$ConstructorSiteNoUnwrap.callConstructor(ConstructorSite.java:84)
	at org.codehaus.groovy.runtime.callsite.AbstractCallSite.callConstructor(AbstractCallSite.java:277)
	at io.restassured.internal.ResponseSpecificationImpl$HamcrestAssertionClosure.validate(ResponseSpecificationImpl.groovy:493)
	at io.restassured.internal.ResponseSpecificationImpl$HamcrestAssertionClosure$validate$21.call(Unknown Source)
	at io.restassured.internal.ResponseSpecificationImpl.validateResponseIfRequired(ResponseSpecificationImpl.groovy:674)
	at org.codehaus.groovy.runtime.callsite.PlainObjectMetaMethodSite.doInvoke(PlainObjectMetaMethodSite.java:43)
	at org.codehaus.groovy.runtime.callsite.PogoMetaMethodSite$PogoCachedMethodSiteNoUnwrapNoCoerce.invoke(PogoMetaMethodSite.java:193)
	at org.codehaus.groovy.runtime.callsite.PogoMetaMethodSite.callCurrent(PogoMetaMethodSite.java:61)
	at org.codehaus.groovy.runtime.callsite.AbstractCallSite.callCurrent(AbstractCallSite.java:185)
	at io.restassured.internal.ResponseSpecificationImpl.statusCode(ResponseSpecificationImpl.groovy:126)
	at io.restassured.specification.ResponseSpecification$statusCode$18.callCurrent(Unknown Source)
	at io.restassured.internal.ResponseSpecificationImpl.statusCode(ResponseSpecificationImpl.groovy:134)
	at io.restassured.internal.ValidatableResponseOptionsImpl.statusCode(ValidatableResponseOptionsImpl.java:89)
	at io.restassured.internal.ValidatableResponseImpl.super$2$statusCode(ValidatableResponseImpl.groovy)
	at groovy.lang.MetaMethod.doMethodInvoke(MetaMethod.java:323)
	at groovy.lang.MetaClassImpl.invokeMethod(MetaClassImpl.java:1262)
	at org.codehaus.groovy.runtime.ScriptBytecodeAdapter.invokeMethodOnSuperN(ScriptBytecodeAdapter.java:144)
	at io.restassured.internal.ValidatableResponseImpl.statusCode(ValidatableResponseImpl.groovy:142)
	at io.restassured.internal.ValidatableResponseImpl.statusCode(ValidatableResponseImpl.groovy)
	at api.TestSkuRestApiSadPaths.testDeleteSku_skuDoesNotExist_returns404(TestSkuRestApiSadPaths.java:25)
	at java.base/java.util.concurrent.ThreadPoolExecutor.runWorker(ThreadPoolExecutor.java:1128)
	at java.base/java.util.concurrent.ThreadPoolExecutor$Worker.run(ThreadPoolExecutor.java:628)
	at java.base/java.lang.Thread.run(Thread.java:834)
... Removed 23 stack frames</div></td></tr></table><p class="totop"><a href="#summary">back to summary</a></p><h3 id="m15">api.TestSkuRestApiHappyPaths#testCreateSku_validPayload_skuIsCreatedWithIntegerPrice</h3><table class="result"></table><p class="totop"><a href="#summary">back to summary</a></p><h3 id="m16">api.TestSkuRestApiHappyPaths#testDeleteSku_skuExists_skuIsRemoved</h3><table class="result"></table><p class="totop"><a href="#summary">back to summary</a></p><h3 id="m17">api.TestSkuRestApiHappyPaths#testGetSku_skuExists_skuIsReturned</h3><table class="result"></table><p class="totop"><a href="#summary">back to summary</a></p><h3 id="m18">api.TestSkuRestApiSadPaths#testCreateSku_invalidData_returns400</h3><table class="result"><tr class="param"><th>Parameter #1</th><th>Parameter #2</th></tr><tr class="param stripe"><td>price is not set</td><td>{&quot;description&quot;:&quot;description&quot;,&quot;sku&quot;:&quot;sku&quot;}</td></tr></table><p class="totop"><a href="#summary">back to summary</a></p><h3 id="m19">api.TestSkuRestApiSadPaths#testCreateSku_invalidData_returns400</h3><table class="result"><tr class="param"><th>Parameter #1</th><th>Parameter #2</th></tr><tr class="param stripe"><td>sku is not set</td><td>{&quot;price&quot;:1,&quot;description&quot;:&quot;description&quot;}</td></tr></table><p class="totop"><a href="#summary">back to summary</a></p><h3 id="m20">api.TestSkuRestApiSadPaths#testCreateSku_invalidData_returns400</h3><table class="result"><tr class="param"><th>Parameter #1</th><th>Parameter #2</th></tr><tr class="param stripe"><td>description is not set</td><td>{&quot;price&quot;:1,&quot;sku&quot;:&quot;sku&quot;}</td></tr></table><p class="totop"><a href="#summary">back to summary</a></p><h3 id="m21">api.TestSkuRestApiSadPaths#testGetSku_skuDoesNotExist_returns200WithItemNotSet</h3><table class="result"></table><p class="totop"><a href="#summary">back to summary</a></p></body></html>